<?xml version="1.0" encoding="UTF-8"?><testsuite errors="1" failures="0" name="reqres.reqresinfo.UsersCURDTestWithSteps" skipped="0" tests="1" time="1.32" timestamp="2022-06-06T15:45:14.033+01:00[Europe/London]"><testcase classname="reqres.reqresinfo.UsersCURDTestWithSteps" name="This will Delate created id"><error message="parameterValue cannot be null" type="java.lang.IllegalArgumentException">parameterValue cannot be null</error><system-err>parameterValue cannot be null&#13;
io.restassured.internal.assertion.AssertParameter.notNull(AssertParameter.groovy:26)&#13;
io.restassured.internal.RequestSpecificationImpl.pathParameter(RequestSpecificationImpl.groovy:560)&#13;
groovy.lang.MetaMethod.doMethodInvoke(MetaMethod.java:325)&#13;
groovy.lang.MetaClassImpl.invokeMethod(MetaClassImpl.java:1213)&#13;
groovy.lang.MetaClassImpl.invokeMethod(MetaClassImpl.java:1022)&#13;
groovy.lang.MetaClassImpl.invokeMethod(MetaClassImpl.java:810)&#13;
io.restassured.internal.RequestSpecificationImpl.invokeMethod(RequestSpecificationImpl.groovy)&#13;
io.restassured.internal.RequestSpecificationImpl.pathParam(RequestSpecificationImpl.groovy:578)&#13;
net.serenitybdd.rest.decorators.request.RequestSpecificationParametersConfigurations.pathParam(RequestSpecificationParametersConfigurations.java:188)&#13;
net.serenitybdd.rest.decorators.request.RequestSpecificationDecorated.pathParam(RequestSpecificationDecorated.java:27)&#13;
reqres.reqresstepsinfo.UserSteps.deleteUsers(UserSteps.java:43)&#13;
reqres.reqresinfo.UsersCURDTestWithSteps.test003(UsersCURDTestWithSteps.java:46)&#13;
</system-err></testcase></testsuite>